{"/Users/paulyap/Desktop/Desktop_important/workspace/experiment/web_html/url-assist/dist/esm/src/index.js": {"path":"/Users/paulyap/Desktop/Desktop_important/workspace/experiment/web_html/url-assist/dist/esm/src/index.js","statementMap":{"0":{"start":{"line":31,"column":4},"end":{"line":31,"column":46}},"1":{"start":{"line":50,"column":4},"end":{"line":50,"column":55}},"2":{"start":{"line":68,"column":4},"end":{"line":68,"column":44}},"3":{"start":{"line":86,"column":26},"end":{"line":86,"column":57}},"4":{"start":{"line":87,"column":24},"end":{"line":87,"column":44}},"5":{"start":{"line":88,"column":29},"end":{"line":94,"column":6}},"6":{"start":{"line":90,"column":8},"end":{"line":90,"column":68}},"7":{"start":{"line":92,"column":8},"end":{"line":92,"column":21}},"8":{"start":{"line":96,"column":4},"end":{"line":99,"column":16}},"9":{"start":{"line":117,"column":4},"end":{"line":117,"column":72}},"10":{"start":{"line":135,"column":4},"end":{"line":135,"column":42}},"11":{"start":{"line":153,"column":4},"end":{"line":153,"column":69}},"12":{"start":{"line":187,"column":26},"end":{"line":197,"column":5}},"13":{"start":{"line":199,"column":4},"end":{"line":215,"column":5}},"14":{"start":{"line":201,"column":24},"end":{"line":201,"column":40}},"15":{"start":{"line":203,"column":8},"end":{"line":203,"column":50}},"16":{"start":{"line":204,"column":8},"end":{"line":204,"column":50}},"17":{"start":{"line":205,"column":8},"end":{"line":205,"column":50}},"18":{"start":{"line":206,"column":8},"end":{"line":206,"column":42}},"19":{"start":{"line":207,"column":8},"end":{"line":207,"column":50}},"20":{"start":{"line":209,"column":8},"end":{"line":209,"column":46}},"21":{"start":{"line":210,"column":8},"end":{"line":210,"column":42}},"22":{"start":{"line":212,"column":8},"end":{"line":212,"column":77}},"23":{"start":{"line":213,"column":8},"end":{"line":213,"column":42}},"24":{"start":{"line":217,"column":4},"end":{"line":217,"column":25}},"25":{"start":{"line":236,"column":30},"end":{"line":236,"column":103}},"26":{"start":{"line":238,"column":4},"end":{"line":238,"column":68}},"27":{"start":{"line":257,"column":21},"end":{"line":257,"column":45}},"28":{"start":{"line":259,"column":19},"end":{"line":261,"column":11}},"29":{"start":{"line":263,"column":4},"end":{"line":263,"column":54}},"30":{"start":{"line":264,"column":4},"end":{"line":264,"column":54}},"31":{"start":{"line":265,"column":4},"end":{"line":265,"column":54}},"32":{"start":{"line":266,"column":4},"end":{"line":266,"column":65}},"33":{"start":{"line":268,"column":4},"end":{"line":268,"column":22}}},"fnMap":{"0":{"name":"urlPattern","decl":{"start":{"line":29,"column":9},"end":{"line":29,"column":19}},"loc":{"start":{"line":29,"column":36},"end":{"line":33,"column":1}},"line":29},"1":{"name":"urlComposer","decl":{"start":{"line":48,"column":9},"end":{"line":48,"column":20}},"loc":{"start":{"line":48,"column":30},"end":{"line":52,"column":1}},"line":48},"2":{"name":"isUrlValidFormat","decl":{"start":{"line":66,"column":9},"end":{"line":66,"column":25}},"loc":{"start":{"line":66,"column":35},"end":{"line":70,"column":1}},"line":66},"3":{"name":"joinUrlPath","decl":{"start":{"line":84,"column":9},"end":{"line":84,"column":20}},"loc":{"start":{"line":84,"column":30},"end":{"line":101,"column":1}},"line":84},"4":{"name":"(anonymous_4)","decl":{"start":{"line":88,"column":53},"end":{"line":88,"column":54}},"loc":{"start":{"line":88,"column":77},"end":{"line":94,"column":5}},"line":88},"5":{"name":"isHttpProtocolValid","decl":{"start":{"line":115,"column":9},"end":{"line":115,"column":28}},"loc":{"start":{"line":115,"column":36},"end":{"line":119,"column":1}},"line":115},"6":{"name":"isWebSocketProtocolValid","decl":{"start":{"line":133,"column":9},"end":{"line":133,"column":33}},"loc":{"start":{"line":133,"column":41},"end":{"line":137,"column":1}},"line":133},"7":{"name":"isHttps","decl":{"start":{"line":151,"column":9},"end":{"line":151,"column":16}},"loc":{"start":{"line":151,"column":24},"end":{"line":155,"column":1}},"line":151},"8":{"name":"getHostDetails","decl":{"start":{"line":185,"column":9},"end":{"line":185,"column":23}},"loc":{"start":{"line":185,"column":31},"end":{"line":219,"column":1}},"line":185},"9":{"name":"isUrlExtValid","decl":{"start":{"line":234,"column":9},"end":{"line":234,"column":22}},"loc":{"start":{"line":234,"column":35},"end":{"line":240,"column":1}},"line":234},"10":{"name":"slugify","decl":{"start":{"line":255,"column":9},"end":{"line":255,"column":16}},"loc":{"start":{"line":255,"column":32},"end":{"line":270,"column":1}},"line":255}},"branchMap":{"0":{"loc":{"start":{"line":117,"column":11},"end":{"line":117,"column":71}},"type":"binary-expr","locations":[{"start":{"line":117,"column":11},"end":{"line":117,"column":45}},{"start":{"line":117,"column":49},"end":{"line":117,"column":71}}],"line":117},"1":{"loc":{"start":{"line":153,"column":11},"end":{"line":153,"column":68}},"type":"binary-expr","locations":[{"start":{"line":153,"column":11},"end":{"line":153,"column":42}},{"start":{"line":153,"column":46},"end":{"line":153,"column":68}}],"line":153},"2":{"loc":{"start":{"line":199,"column":4},"end":{"line":215,"column":5}},"type":"if","locations":[{"start":{"line":199,"column":4},"end":{"line":215,"column":5}},{"start":{},"end":{}}],"line":199},"3":{"loc":{"start":{"line":238,"column":11},"end":{"line":238,"column":67}},"type":"binary-expr","locations":[{"start":{"line":238,"column":11},"end":{"line":238,"column":36}},{"start":{"line":238,"column":39},"end":{"line":238,"column":67}}],"line":238}},"s":{"0":4,"1":5,"2":28,"3":12,"4":12,"5":12,"6":14,"7":14,"8":12,"9":22,"10":9,"11":5,"12":18,"13":18,"14":18,"15":18,"16":18,"17":18,"18":18,"19":18,"20":18,"21":18,"22":18,"23":18,"24":18,"25":7,"26":7,"27":3,"28":3,"29":3,"30":3,"31":3,"32":3,"33":3},"f":{"0":4,"1":5,"2":28,"3":12,"4":14,"5":22,"6":9,"7":5,"8":18,"9":7,"10":3},"b":{"0":[22,18],"1":[5,3],"2":[18,0],"3":[7,7]},"_coverageSchema":"1a1c01bbd47fc00a2c39e90264f33305004495a9","hash":"4b8d9eb10ab310eb9cd0a0b8c56f3785e5b00cb9"}
,"/Users/paulyap/Desktop/Desktop_important/workspace/experiment/web_html/url-assist/dist/esm/src/lib/config.js": {"path":"/Users/paulyap/Desktop/Desktop_important/workspace/experiment/web_html/url-assist/dist/esm/src/lib/config.js","statementMap":{"0":{"start":{"line":1,"column":26},"end":{"line":7,"column":1}},"1":{"start":{"line":8,"column":27},"end":{"line":8,"column":40}},"2":{"start":{"line":9,"column":21},"end":{"line":15,"column":1}}},"fnMap":{},"branchMap":{},"s":{"0":24,"1":24,"2":24},"f":{},"b":{},"_coverageSchema":"1a1c01bbd47fc00a2c39e90264f33305004495a9","hash":"9ce3862643e8fe9ec1bfae5510b58f2c1e95934a"}
,"/Users/paulyap/Desktop/Desktop_important/workspace/experiment/web_html/url-assist/dist/esm/src/lib/domain.js": {"path":"/Users/paulyap/Desktop/Desktop_important/workspace/experiment/web_html/url-assist/dist/esm/src/lib/domain.js","statementMap":{"0":{"start":{"line":25,"column":17},"end":{"line":71,"column":1}},"1":{"start":{"line":27,"column":28},"end":{"line":27,"column":74}},"2":{"start":{"line":29,"column":24},"end":{"line":29,"column":50}},"3":{"start":{"line":30,"column":30},"end":{"line":30,"column":48}},"4":{"start":{"line":31,"column":27},"end":{"line":31,"column":65}},"5":{"start":{"line":33,"column":4},"end":{"line":38,"column":5}},"6":{"start":{"line":35,"column":8},"end":{"line":35,"column":33}},"7":{"start":{"line":36,"column":8},"end":{"line":36,"column":49}},"8":{"start":{"line":40,"column":20},"end":{"line":40,"column":36}},"9":{"start":{"line":41,"column":20},"end":{"line":41,"column":22}},"10":{"start":{"line":42,"column":21},"end":{"line":42,"column":23}},"11":{"start":{"line":44,"column":26},"end":{"line":44,"column":46}},"12":{"start":{"line":46,"column":4},"end":{"line":51,"column":5}},"13":{"start":{"line":48,"column":8},"end":{"line":48,"column":41}},"14":{"start":{"line":49,"column":8},"end":{"line":49,"column":40}},"15":{"start":{"line":53,"column":27},"end":{"line":53,"column":47}},"16":{"start":{"line":55,"column":4},"end":{"line":60,"column":5}},"17":{"start":{"line":57,"column":8},"end":{"line":57,"column":42}},"18":{"start":{"line":58,"column":8},"end":{"line":58,"column":42}},"19":{"start":{"line":62,"column":4},"end":{"line":69,"column":6}},"20":{"start":{"line":90,"column":23},"end":{"line":139,"column":1}},"21":{"start":{"line":92,"column":24},"end":{"line":97,"column":5}},"22":{"start":{"line":99,"column":24},"end":{"line":99,"column":41}},"23":{"start":{"line":100,"column":19},"end":{"line":100,"column":47}},"24":{"start":{"line":102,"column":4},"end":{"line":111,"column":5}},"25":{"start":{"line":104,"column":8},"end":{"line":109,"column":10}},"26":{"start":{"line":113,"column":4},"end":{"line":122,"column":5}},"27":{"start":{"line":115,"column":8},"end":{"line":120,"column":10}},"28":{"start":{"line":124,"column":4},"end":{"line":135,"column":5}},"29":{"start":{"line":126,"column":33},"end":{"line":126,"column":108}},"30":{"start":{"line":128,"column":8},"end":{"line":133,"column":10}},"31":{"start":{"line":137,"column":4},"end":{"line":137,"column":25}},"32":{"start":{"line":154,"column":31},"end":{"line":208,"column":1}},"33":{"start":{"line":156,"column":23},"end":{"line":156,"column":62}},"34":{"start":{"line":157,"column":30},"end":{"line":157,"column":68}},"35":{"start":{"line":159,"column":24},"end":{"line":159,"column":26}},"36":{"start":{"line":161,"column":4},"end":{"line":204,"column":5}},"37":{"start":{"line":163,"column":25},"end":{"line":163,"column":96}},"38":{"start":{"line":165,"column":8},"end":{"line":169,"column":9}},"39":{"start":{"line":167,"column":12},"end":{"line":167,"column":24}},"40":{"start":{"line":170,"column":8},"end":{"line":174,"column":9}},"41":{"start":{"line":172,"column":12},"end":{"line":172,"column":24}},"42":{"start":{"line":175,"column":30},"end":{"line":175,"column":49}},"43":{"start":{"line":177,"column":8},"end":{"line":202,"column":9}},"44":{"start":{"line":179,"column":27},"end":{"line":179,"column":81}},"45":{"start":{"line":181,"column":12},"end":{"line":200,"column":13}},"46":{"start":{"line":183,"column":16},"end":{"line":187,"column":17}},"47":{"start":{"line":185,"column":20},"end":{"line":185,"column":72}},"48":{"start":{"line":189,"column":16},"end":{"line":198,"column":17}},"49":{"start":{"line":191,"column":43},"end":{"line":191,"column":69}},"50":{"start":{"line":193,"column":40},"end":{"line":193,"column":92}},"51":{"start":{"line":194,"column":38},"end":{"line":194,"column":86}},"52":{"start":{"line":196,"column":20},"end":{"line":196,"column":53}},"53":{"start":{"line":206,"column":4},"end":{"line":206,"column":17}},"54":{"start":{"line":231,"column":17},"end":{"line":301,"column":1}},"55":{"start":{"line":233,"column":26},"end":{"line":243,"column":5}},"56":{"start":{"line":245,"column":4},"end":{"line":251,"column":7}},"57":{"start":{"line":247,"column":8},"end":{"line":247,"column":36}},"58":{"start":{"line":249,"column":8},"end":{"line":249,"column":18}},"59":{"start":{"line":253,"column":21},"end":{"line":253,"column":38}},"60":{"start":{"line":255,"column":22},"end":{"line":255,"column":45}},"61":{"start":{"line":257,"column":4},"end":{"line":257,"column":46}},"62":{"start":{"line":258,"column":4},"end":{"line":258,"column":43}},"63":{"start":{"line":259,"column":4},"end":{"line":259,"column":39}},"64":{"start":{"line":260,"column":4},"end":{"line":260,"column":43}},"65":{"start":{"line":261,"column":4},"end":{"line":261,"column":46}},"66":{"start":{"line":262,"column":4},"end":{"line":264,"column":13}},"67":{"start":{"line":266,"column":4},"end":{"line":270,"column":5}},"68":{"start":{"line":268,"column":8},"end":{"line":268,"column":31}},"69":{"start":{"line":272,"column":4},"end":{"line":280,"column":5}},"70":{"start":{"line":274,"column":8},"end":{"line":274,"column":46}},"71":{"start":{"line":278,"column":8},"end":{"line":278,"column":95}},"72":{"start":{"line":281,"column":32},"end":{"line":281,"column":65}},"73":{"start":{"line":283,"column":4},"end":{"line":297,"column":5}},"74":{"start":{"line":285,"column":8},"end":{"line":285,"column":56}},"75":{"start":{"line":286,"column":8},"end":{"line":286,"column":59}},"76":{"start":{"line":288,"column":36},"end":{"line":288,"column":65}},"77":{"start":{"line":290,"column":8},"end":{"line":295,"column":9}},"78":{"start":{"line":292,"column":12},"end":{"line":292,"column":60}},"79":{"start":{"line":293,"column":12},"end":{"line":293,"column":63}},"80":{"start":{"line":299,"column":4},"end":{"line":299,"column":25}}},"fnMap":{"0":{"name":"(anonymous_0)","decl":{"start":{"line":25,"column":17},"end":{"line":25,"column":18}},"loc":{"start":{"line":25,"column":35},"end":{"line":71,"column":1}},"line":25},"1":{"name":"(anonymous_1)","decl":{"start":{"line":90,"column":23},"end":{"line":90,"column":24}},"loc":{"start":{"line":90,"column":41},"end":{"line":139,"column":1}},"line":90},"2":{"name":"(anonymous_2)","decl":{"start":{"line":154,"column":31},"end":{"line":154,"column":32}},"loc":{"start":{"line":154,"column":49},"end":{"line":208,"column":1}},"line":154},"3":{"name":"(anonymous_3)","decl":{"start":{"line":231,"column":17},"end":{"line":231,"column":18}},"loc":{"start":{"line":231,"column":35},"end":{"line":301,"column":1}},"line":231},"4":{"name":"(anonymous_4)","decl":{"start":{"line":245,"column":46},"end":{"line":245,"column":47}},"loc":{"start":{"line":245,"column":64},"end":{"line":251,"column":5}},"line":245}},"branchMap":{"0":{"loc":{"start":{"line":33,"column":4},"end":{"line":38,"column":5}},"type":"if","locations":[{"start":{"line":33,"column":4},"end":{"line":38,"column":5}},{"start":{},"end":{}}],"line":33},"1":{"loc":{"start":{"line":33,"column":8},"end":{"line":33,"column":104}},"type":"binary-expr","locations":[{"start":{"line":33,"column":8},"end":{"line":33,"column":64}},{"start":{"line":33,"column":68},"end":{"line":33,"column":104}}],"line":33},"2":{"loc":{"start":{"line":46,"column":4},"end":{"line":51,"column":5}},"type":"if","locations":[{"start":{"line":46,"column":4},"end":{"line":51,"column":5}},{"start":{},"end":{}}],"line":46},"3":{"loc":{"start":{"line":55,"column":4},"end":{"line":60,"column":5}},"type":"if","locations":[{"start":{"line":55,"column":4},"end":{"line":60,"column":5}},{"start":{},"end":{}}],"line":55},"4":{"loc":{"start":{"line":102,"column":4},"end":{"line":111,"column":5}},"type":"if","locations":[{"start":{"line":102,"column":4},"end":{"line":111,"column":5}},{"start":{},"end":{}}],"line":102},"5":{"loc":{"start":{"line":113,"column":4},"end":{"line":122,"column":5}},"type":"if","locations":[{"start":{"line":113,"column":4},"end":{"line":122,"column":5}},{"start":{},"end":{}}],"line":113},"6":{"loc":{"start":{"line":124,"column":4},"end":{"line":135,"column":5}},"type":"if","locations":[{"start":{"line":124,"column":4},"end":{"line":135,"column":5}},{"start":{},"end":{}}],"line":124},"7":{"loc":{"start":{"line":161,"column":4},"end":{"line":204,"column":5}},"type":"if","locations":[{"start":{"line":161,"column":4},"end":{"line":204,"column":5}},{"start":{},"end":{}}],"line":161},"8":{"loc":{"start":{"line":165,"column":8},"end":{"line":169,"column":9}},"type":"if","locations":[{"start":{"line":165,"column":8},"end":{"line":169,"column":9}},{"start":{},"end":{}}],"line":165},"9":{"loc":{"start":{"line":170,"column":8},"end":{"line":174,"column":9}},"type":"if","locations":[{"start":{"line":170,"column":8},"end":{"line":174,"column":9}},{"start":{},"end":{}}],"line":170},"10":{"loc":{"start":{"line":177,"column":8},"end":{"line":202,"column":9}},"type":"if","locations":[{"start":{"line":177,"column":8},"end":{"line":202,"column":9}},{"start":{},"end":{}}],"line":177},"11":{"loc":{"start":{"line":181,"column":12},"end":{"line":200,"column":13}},"type":"if","locations":[{"start":{"line":181,"column":12},"end":{"line":200,"column":13}},{"start":{},"end":{}}],"line":181},"12":{"loc":{"start":{"line":181,"column":16},"end":{"line":181,"column":53}},"type":"binary-expr","locations":[{"start":{"line":181,"column":16},"end":{"line":181,"column":28}},{"start":{"line":181,"column":32},"end":{"line":181,"column":53}}],"line":181},"13":{"loc":{"start":{"line":183,"column":16},"end":{"line":187,"column":17}},"type":"if","locations":[{"start":{"line":183,"column":16},"end":{"line":187,"column":17}},{"start":{},"end":{}}],"line":183},"14":{"loc":{"start":{"line":189,"column":16},"end":{"line":198,"column":17}},"type":"if","locations":[{"start":{"line":189,"column":16},"end":{"line":198,"column":17}},{"start":{},"end":{}}],"line":189},"15":{"loc":{"start":{"line":196,"column":27},"end":{"line":196,"column":52}},"type":"binary-expr","locations":[{"start":{"line":196,"column":27},"end":{"line":196,"column":39}},{"start":{"line":196,"column":43},"end":{"line":196,"column":52}}],"line":196},"16":{"loc":{"start":{"line":262,"column":25},"end":{"line":264,"column":12}},"type":"cond-expr","locations":[{"start":{"line":263,"column":10},"end":{"line":263,"column":25}},{"start":{"line":264,"column":10},"end":{"line":264,"column":12}}],"line":262},"17":{"loc":{"start":{"line":266,"column":4},"end":{"line":270,"column":5}},"type":"if","locations":[{"start":{"line":266,"column":4},"end":{"line":270,"column":5}},{"start":{},"end":{}}],"line":266},"18":{"loc":{"start":{"line":272,"column":4},"end":{"line":280,"column":5}},"type":"if","locations":[{"start":{"line":272,"column":4},"end":{"line":280,"column":5}},{"start":{"line":276,"column":11},"end":{"line":280,"column":5}}],"line":272},"19":{"loc":{"start":{"line":283,"column":4},"end":{"line":297,"column":5}},"type":"if","locations":[{"start":{"line":283,"column":4},"end":{"line":297,"column":5}},{"start":{},"end":{}}],"line":283},"20":{"loc":{"start":{"line":290,"column":8},"end":{"line":295,"column":9}},"type":"if","locations":[{"start":{"line":290,"column":8},"end":{"line":295,"column":9}},{"start":{},"end":{}}],"line":290}},"s":{"0":24,"1":46,"2":46,"3":46,"4":46,"5":46,"6":4,"7":4,"8":46,"9":46,"10":46,"11":46,"12":46,"13":2,"14":2,"15":46,"16":46,"17":4,"18":4,"19":46,"20":24,"21":20,"22":20,"23":20,"24":20,"25":2,"26":20,"27":9,"28":20,"29":9,"30":9,"31":20,"32":24,"33":28,"34":28,"35":28,"36":28,"37":28,"38":28,"39":2,"40":26,"41":4,"42":22,"43":22,"44":20,"45":20,"46":20,"47":18,"48":2,"49":2,"50":2,"51":2,"52":2,"53":2,"54":24,"55":18,"56":18,"57":16,"58":16,"59":18,"60":18,"61":18,"62":18,"63":18,"64":18,"65":18,"66":18,"67":18,"68":16,"69":18,"70":16,"71":2,"72":18,"73":18,"74":4,"75":4,"76":4,"77":4,"78":2,"79":2,"80":18},"f":{"0":46,"1":20,"2":28,"3":18,"4":16},"b":{"0":[4,42],"1":[46,44],"2":[2,44],"3":[4,42],"4":[2,18],"5":[9,11],"6":[9,11],"7":[28,0],"8":[2,26],"9":[4,22],"10":[20,2],"11":[20,0],"12":[20,20],"13":[18,2],"14":[2,0],"15":[2,2],"16":[4,14],"17":[16,2],"18":[16,2],"19":[4,14],"20":[2,2]},"_coverageSchema":"1a1c01bbd47fc00a2c39e90264f33305004495a9","hash":"ba1a999a99bb39f72db89bb7168b21cd42b4f73c"}
,"/Users/paulyap/Desktop/Desktop_important/workspace/experiment/web_html/url-assist/dist/esm/src/lib/format.js": {"path":"/Users/paulyap/Desktop/Desktop_important/workspace/experiment/web_html/url-assist/dist/esm/src/lib/format.js","statementMap":{"0":{"start":{"line":14,"column":18},"end":{"line":30,"column":1}},"1":{"start":{"line":16,"column":22},"end":{"line":16,"column":47}},"2":{"start":{"line":18,"column":4},"end":{"line":28,"column":5}},"3":{"start":{"line":20,"column":8},"end":{"line":20,"column":54}},"4":{"start":{"line":22,"column":8},"end":{"line":22,"column":27}},"5":{"start":{"line":26,"column":8},"end":{"line":26,"column":27}}},"fnMap":{"0":{"name":"(anonymous_0)","decl":{"start":{"line":14,"column":18},"end":{"line":14,"column":19}},"loc":{"start":{"line":14,"column":35},"end":{"line":30,"column":1}},"line":14}},"branchMap":{},"s":{"0":24,"1":18,"2":18,"3":18,"4":18,"5":0},"f":{"0":18},"b":{},"_coverageSchema":"1a1c01bbd47fc00a2c39e90264f33305004495a9","hash":"a43b0036f74f7c66e28943e3d9d6a1cbec5e31d0"}
,"/Users/paulyap/Desktop/Desktop_important/workspace/experiment/web_html/url-assist/dist/esm/src/lib/pathPatternInit.js": {"path":"/Users/paulyap/Desktop/Desktop_important/workspace/experiment/web_html/url-assist/dist/esm/src/lib/pathPatternInit.js","statementMap":{"0":{"start":{"line":21,"column":29},"end":{"line":21,"column":57}},"1":{"start":{"line":23,"column":4},"end":{"line":33,"column":5}},"2":{"start":{"line":25,"column":27},"end":{"line":26,"column":32}},"3":{"start":{"line":28,"column":26},"end":{"line":29,"column":32}},"4":{"start":{"line":31,"column":8},"end":{"line":31,"column":58}},"5":{"start":{"line":35,"column":4},"end":{"line":35,"column":17}},"6":{"start":{"line":54,"column":16},"end":{"line":54,"column":17}},"7":{"start":{"line":55,"column":17},"end":{"line":55,"column":18}},"8":{"start":{"line":57,"column":4},"end":{"line":84,"column":5}},"9":{"start":{"line":59,"column":30},"end":{"line":59,"column":66}},"10":{"start":{"line":60,"column":29},"end":{"line":60,"column":66}},"11":{"start":{"line":62,"column":8},"end":{"line":66,"column":9}},"12":{"start":{"line":64,"column":12},"end":{"line":64,"column":64}},"13":{"start":{"line":68,"column":8},"end":{"line":72,"column":9}},"14":{"start":{"line":70,"column":12},"end":{"line":70,"column":77}},"15":{"start":{"line":73,"column":8},"end":{"line":77,"column":9}},"16":{"start":{"line":75,"column":12},"end":{"line":75,"column":85}},"17":{"start":{"line":79,"column":8},"end":{"line":82,"column":10}},"18":{"start":{"line":86,"column":4},"end":{"line":170,"column":5}},"19":{"start":{"line":88,"column":26},"end":{"line":88,"column":28}},"20":{"start":{"line":89,"column":25},"end":{"line":89,"column":73}},"21":{"start":{"line":91,"column":8},"end":{"line":135,"column":11}},"22":{"start":{"line":93,"column":33},"end":{"line":93,"column":73}},"23":{"start":{"line":94,"column":38},"end":{"line":95,"column":40}},"24":{"start":{"line":96,"column":29},"end":{"line":96,"column":78}},"25":{"start":{"line":98,"column":26},"end":{"line":98,"column":31}},"26":{"start":{"line":100,"column":12},"end":{"line":104,"column":13}},"27":{"start":{"line":102,"column":16},"end":{"line":102,"column":50}},"28":{"start":{"line":106,"column":12},"end":{"line":115,"column":13}},"29":{"start":{"line":108,"column":16},"end":{"line":111,"column":18}},"30":{"start":{"line":113,"column":16},"end":{"line":113,"column":66}},"31":{"start":{"line":117,"column":12},"end":{"line":126,"column":13}},"32":{"start":{"line":119,"column":16},"end":{"line":122,"column":18}},"33":{"start":{"line":124,"column":16},"end":{"line":124,"column":66}},"34":{"start":{"line":128,"column":12},"end":{"line":131,"column":14}},"35":{"start":{"line":133,"column":12},"end":{"line":133,"column":62}},"36":{"start":{"line":137,"column":29},"end":{"line":137,"column":31}},"37":{"start":{"line":139,"column":8},"end":{"line":163,"column":11}},"38":{"start":{"line":141,"column":30},"end":{"line":141,"column":49}},"39":{"start":{"line":143,"column":31},"end":{"line":143,"column":41}},"40":{"start":{"line":145,"column":12},"end":{"line":154,"column":13}},"41":{"start":{"line":147,"column":16},"end":{"line":150,"column":19}},"42":{"start":{"line":152,"column":16},"end":{"line":152,"column":63}},"43":{"start":{"line":156,"column":12},"end":{"line":159,"column":15}},"44":{"start":{"line":161,"column":12},"end":{"line":161,"column":30}},"45":{"start":{"line":165,"column":8},"end":{"line":168,"column":10}},"46":{"start":{"line":172,"column":4},"end":{"line":189,"column":5}},"47":{"start":{"line":174,"column":29},"end":{"line":182,"column":10}},"48":{"start":{"line":176,"column":12},"end":{"line":180,"column":14}},"49":{"start":{"line":184,"column":8},"end":{"line":187,"column":10}},"50":{"start":{"line":191,"column":4},"end":{"line":191,"column":16}},"51":{"start":{"line":210,"column":4},"end":{"line":210,"column":16}},"52":{"start":{"line":231,"column":4},"end":{"line":231,"column":27}},"53":{"start":{"line":232,"column":4},"end":{"line":232,"column":21}},"54":{"start":{"line":247,"column":0},"end":{"line":254,"column":2}},"55":{"start":{"line":249,"column":23},"end":{"line":249,"column":48}},"56":{"start":{"line":250,"column":20},"end":{"line":250,"column":39}},"57":{"start":{"line":252,"column":4},"end":{"line":252,"column":54}},"58":{"start":{"line":267,"column":0},"end":{"line":288,"column":2}},"59":{"start":{"line":269,"column":21},"end":{"line":269,"column":23}},"60":{"start":{"line":271,"column":23},"end":{"line":271,"column":48}},"61":{"start":{"line":272,"column":20},"end":{"line":272,"column":39}},"62":{"start":{"line":274,"column":4},"end":{"line":284,"column":5}},"63":{"start":{"line":276,"column":33},"end":{"line":276,"column":67}},"64":{"start":{"line":278,"column":8},"end":{"line":282,"column":11}},"65":{"start":{"line":280,"column":12},"end":{"line":280,"column":121}},"66":{"start":{"line":286,"column":4},"end":{"line":286,"column":20}}},"fnMap":{"0":{"name":"validMatchPatternPath","decl":{"start":{"line":19,"column":9},"end":{"line":19,"column":30}},"loc":{"start":{"line":19,"column":47},"end":{"line":37,"column":1}},"line":19},"1":{"name":"basePattern","decl":{"start":{"line":52,"column":9},"end":{"line":52,"column":20}},"loc":{"start":{"line":52,"column":31},"end":{"line":193,"column":1}},"line":52},"2":{"name":"(anonymous_2)","decl":{"start":{"line":91,"column":99},"end":{"line":91,"column":100}},"loc":{"start":{"line":91,"column":117},"end":{"line":135,"column":9}},"line":91},"3":{"name":"(anonymous_3)","decl":{"start":{"line":139,"column":54},"end":{"line":139,"column":55}},"loc":{"start":{"line":139,"column":72},"end":{"line":163,"column":9}},"line":139},"4":{"name":"(anonymous_4)","decl":{"start":{"line":174,"column":76},"end":{"line":174,"column":77}},"loc":{"start":{"line":174,"column":93},"end":{"line":182,"column":9}},"line":174},"5":{"name":"basePath","decl":{"start":{"line":208,"column":9},"end":{"line":208,"column":17}},"loc":{"start":{"line":208,"column":25},"end":{"line":212,"column":1}},"line":208},"6":{"name":"PathPatternInit","decl":{"start":{"line":229,"column":9},"end":{"line":229,"column":24}},"loc":{"start":{"line":229,"column":41},"end":{"line":234,"column":1}},"line":229},"7":{"name":"(anonymous_7)","decl":{"start":{"line":247,"column":36},"end":{"line":247,"column":37}},"loc":{"start":{"line":247,"column":48},"end":{"line":254,"column":1}},"line":247},"8":{"name":"(anonymous_8)","decl":{"start":{"line":267,"column":37},"end":{"line":267,"column":38}},"loc":{"start":{"line":267,"column":49},"end":{"line":288,"column":1}},"line":267},"9":{"name":"(anonymous_9)","decl":{"start":{"line":278,"column":35},"end":{"line":278,"column":36}},"loc":{"start":{"line":278,"column":57},"end":{"line":282,"column":9}},"line":278}},"branchMap":{"0":{"loc":{"start":{"line":23,"column":4},"end":{"line":33,"column":5}},"type":"if","locations":[{"start":{"line":23,"column":4},"end":{"line":33,"column":5}},{"start":{},"end":{}}],"line":23},"1":{"loc":{"start":{"line":57,"column":4},"end":{"line":84,"column":5}},"type":"if","locations":[{"start":{"line":57,"column":4},"end":{"line":84,"column":5}},{"start":{},"end":{}}],"line":57},"2":{"loc":{"start":{"line":62,"column":8},"end":{"line":66,"column":9}},"type":"if","locations":[{"start":{"line":62,"column":8},"end":{"line":66,"column":9}},{"start":{},"end":{}}],"line":62},"3":{"loc":{"start":{"line":68,"column":8},"end":{"line":72,"column":9}},"type":"if","locations":[{"start":{"line":68,"column":8},"end":{"line":72,"column":9}},{"start":{},"end":{}}],"line":68},"4":{"loc":{"start":{"line":73,"column":8},"end":{"line":77,"column":9}},"type":"if","locations":[{"start":{"line":73,"column":8},"end":{"line":77,"column":9}},{"start":{},"end":{}}],"line":73},"5":{"loc":{"start":{"line":86,"column":4},"end":{"line":170,"column":5}},"type":"if","locations":[{"start":{"line":86,"column":4},"end":{"line":170,"column":5}},{"start":{},"end":{}}],"line":86},"6":{"loc":{"start":{"line":100,"column":12},"end":{"line":104,"column":13}},"type":"if","locations":[{"start":{"line":100,"column":12},"end":{"line":104,"column":13}},{"start":{},"end":{}}],"line":100},"7":{"loc":{"start":{"line":106,"column":12},"end":{"line":115,"column":13}},"type":"if","locations":[{"start":{"line":106,"column":12},"end":{"line":115,"column":13}},{"start":{},"end":{}}],"line":106},"8":{"loc":{"start":{"line":117,"column":12},"end":{"line":126,"column":13}},"type":"if","locations":[{"start":{"line":117,"column":12},"end":{"line":126,"column":13}},{"start":{},"end":{}}],"line":117},"9":{"loc":{"start":{"line":145,"column":12},"end":{"line":154,"column":13}},"type":"if","locations":[{"start":{"line":145,"column":12},"end":{"line":154,"column":13}},{"start":{},"end":{}}],"line":145},"10":{"loc":{"start":{"line":172,"column":4},"end":{"line":189,"column":5}},"type":"if","locations":[{"start":{"line":172,"column":4},"end":{"line":189,"column":5}},{"start":{},"end":{}}],"line":172},"11":{"loc":{"start":{"line":274,"column":4},"end":{"line":284,"column":5}},"type":"if","locations":[{"start":{"line":274,"column":4},"end":{"line":284,"column":5}},{"start":{},"end":{}}],"line":274}},"s":{"0":10,"1":10,"2":10,"3":10,"4":10,"5":0,"6":10,"7":10,"8":10,"9":0,"10":0,"11":0,"12":0,"13":0,"14":0,"15":0,"16":0,"17":0,"18":10,"19":6,"20":6,"21":6,"22":6,"23":6,"24":6,"25":6,"26":6,"27":0,"28":6,"29":0,"30":0,"31":6,"32":0,"33":0,"34":6,"35":6,"36":6,"37":6,"38":6,"39":6,"40":6,"41":6,"42":6,"43":0,"44":0,"45":6,"46":4,"47":4,"48":4,"49":4,"50":0,"51":10,"52":4,"53":4,"54":24,"55":5,"56":5,"57":5,"58":24,"59":5,"60":5,"61":5,"62":5,"63":5,"64":5,"65":5,"66":5},"f":{"0":10,"1":10,"2":6,"3":6,"4":4,"5":10,"6":4,"7":5,"8":5,"9":5},"b":{"0":[10,0],"1":[0,10],"2":[0,0],"3":[0,0],"4":[0,0],"5":[6,4],"6":[0,6],"7":[0,6],"8":[0,6],"9":[6,0],"10":[4,0],"11":[5,0]},"_coverageSchema":"1a1c01bbd47fc00a2c39e90264f33305004495a9","hash":"4fefc42c257601090fc3134f231d469b3f17fabc"}
,"/Users/paulyap/Desktop/Desktop_important/workspace/experiment/web_html/url-assist/dist/esm/src/lib/queryObject.js": {"path":"/Users/paulyap/Desktop/Desktop_important/workspace/experiment/web_html/url-assist/dist/esm/src/lib/queryObject.js","statementMap":{"0":{"start":{"line":26,"column":4},"end":{"line":30,"column":5}},"1":{"start":{"line":28,"column":8},"end":{"line":28,"column":18}},"2":{"start":{"line":32,"column":4},"end":{"line":32,"column":47}},"3":{"start":{"line":33,"column":4},"end":{"line":33,"column":29}},"4":{"start":{"line":34,"column":27},"end":{"line":34,"column":29}},"5":{"start":{"line":35,"column":26},"end":{"line":35,"column":62}},"6":{"start":{"line":36,"column":25},"end":{"line":36,"column":68}},"7":{"start":{"line":41,"column":4},"end":{"line":45,"column":7}},"8":{"start":{"line":43,"column":8},"end":{"line":43,"column":89}},"9":{"start":{"line":48,"column":4},"end":{"line":52,"column":7}},"10":{"start":{"line":50,"column":8},"end":{"line":50,"column":90}},"11":{"start":{"line":54,"column":4},"end":{"line":54,"column":26}},"12":{"start":{"line":74,"column":27},"end":{"line":106,"column":1}},"13":{"start":{"line":76,"column":26},"end":{"line":80,"column":6}},"14":{"start":{"line":78,"column":8},"end":{"line":78,"column":38}},"15":{"start":{"line":82,"column":4},"end":{"line":86,"column":5}},"16":{"start":{"line":84,"column":8},"end":{"line":84,"column":47}},"17":{"start":{"line":88,"column":4},"end":{"line":98,"column":5}},"18":{"start":{"line":90,"column":25},"end":{"line":90,"column":45}},"19":{"start":{"line":91,"column":30},"end":{"line":91,"column":32}},"20":{"start":{"line":93,"column":8},"end":{"line":93,"column":70}},"21":{"start":{"line":94,"column":8},"end":{"line":96,"column":29}},"22":{"start":{"line":100,"column":4},"end":{"line":104,"column":5}},"23":{"start":{"line":102,"column":8},"end":{"line":102,"column":80}},"24":{"start":{"line":122,"column":26},"end":{"line":145,"column":1}},"25":{"start":{"line":124,"column":25},"end":{"line":124,"column":39}},"26":{"start":{"line":126,"column":4},"end":{"line":126,"column":20}},"27":{"start":{"line":127,"column":4},"end":{"line":143,"column":5}},"28":{"start":{"line":129,"column":8},"end":{"line":137,"column":9}},"29":{"start":{"line":131,"column":12},"end":{"line":131,"column":67}},"30":{"start":{"line":135,"column":12},"end":{"line":135,"column":63}},"31":{"start":{"line":141,"column":8},"end":{"line":141,"column":86}},"32":{"start":{"line":163,"column":26},"end":{"line":211,"column":1}},"33":{"start":{"line":165,"column":4},"end":{"line":209,"column":5}},"34":{"start":{"line":167,"column":8},"end":{"line":199,"column":9}},"35":{"start":{"line":169,"column":12},"end":{"line":173,"column":13}},"36":{"start":{"line":171,"column":16},"end":{"line":171,"column":43}},"37":{"start":{"line":177,"column":29},"end":{"line":177,"column":43}},"38":{"start":{"line":179,"column":12},"end":{"line":187,"column":13}},"39":{"start":{"line":181,"column":16},"end":{"line":181,"column":45}},"40":{"start":{"line":185,"column":16},"end":{"line":185,"column":45}},"41":{"start":{"line":189,"column":12},"end":{"line":197,"column":13}},"42":{"start":{"line":191,"column":37},"end":{"line":191,"column":51}},"43":{"start":{"line":193,"column":16},"end":{"line":193,"column":32}},"44":{"start":{"line":195,"column":16},"end":{"line":195,"column":118}},"45":{"start":{"line":203,"column":8},"end":{"line":207,"column":9}},"46":{"start":{"line":205,"column":12},"end":{"line":205,"column":41}},"47":{"start":{"line":227,"column":24},"end":{"line":266,"column":1}},"48":{"start":{"line":229,"column":4},"end":{"line":264,"column":7}},"49":{"start":{"line":231,"column":31},"end":{"line":231,"column":70}},"50":{"start":{"line":232,"column":27},"end":{"line":232,"column":48}},"51":{"start":{"line":233,"column":29},"end":{"line":233,"column":95}},"52":{"start":{"line":235,"column":8},"end":{"line":262,"column":9}},"53":{"start":{"line":237,"column":26},"end":{"line":237,"column":28}},"54":{"start":{"line":238,"column":28},"end":{"line":238,"column":30}},"55":{"start":{"line":240,"column":31},"end":{"line":246,"column":14}},"56":{"start":{"line":242,"column":16},"end":{"line":242,"column":29}},"57":{"start":{"line":244,"column":16},"end":{"line":244,"column":27}},"58":{"start":{"line":248,"column":12},"end":{"line":252,"column":13}},"59":{"start":{"line":250,"column":16},"end":{"line":250,"column":35}},"60":{"start":{"line":254,"column":12},"end":{"line":258,"column":15}},"61":{"start":{"line":256,"column":16},"end":{"line":256,"column":57}},"62":{"start":{"line":260,"column":12},"end":{"line":260,"column":54}}},"fnMap":{"0":{"name":"qsParse","decl":{"start":{"line":24,"column":9},"end":{"line":24,"column":16}},"loc":{"start":{"line":24,"column":33},"end":{"line":56,"column":1}},"line":24},"1":{"name":"(anonymous_1)","decl":{"start":{"line":41,"column":49},"end":{"line":41,"column":50}},"loc":{"start":{"line":41,"column":91},"end":{"line":45,"column":5}},"line":41},"2":{"name":"(anonymous_2)","decl":{"start":{"line":48,"column":49},"end":{"line":48,"column":50}},"loc":{"start":{"line":48,"column":91},"end":{"line":52,"column":5}},"line":48},"3":{"name":"(anonymous_3)","decl":{"start":{"line":74,"column":27},"end":{"line":74,"column":28}},"loc":{"start":{"line":74,"column":100},"end":{"line":106,"column":1}},"line":74},"4":{"name":"(anonymous_4)","decl":{"start":{"line":76,"column":42},"end":{"line":76,"column":43}},"loc":{"start":{"line":76,"column":63},"end":{"line":80,"column":5}},"line":76},"5":{"name":"(anonymous_5)","decl":{"start":{"line":122,"column":26},"end":{"line":122,"column":27}},"loc":{"start":{"line":122,"column":75},"end":{"line":145,"column":1}},"line":122},"6":{"name":"(anonymous_6)","decl":{"start":{"line":163,"column":26},"end":{"line":163,"column":27}},"loc":{"start":{"line":163,"column":99},"end":{"line":211,"column":1}},"line":163},"7":{"name":"(anonymous_7)","decl":{"start":{"line":227,"column":24},"end":{"line":227,"column":25}},"loc":{"start":{"line":227,"column":74},"end":{"line":266,"column":1}},"line":227},"8":{"name":"(anonymous_8)","decl":{"start":{"line":229,"column":23},"end":{"line":229,"column":24}},"loc":{"start":{"line":229,"column":42},"end":{"line":264,"column":5}},"line":229},"9":{"name":"(anonymous_9)","decl":{"start":{"line":240,"column":73},"end":{"line":240,"column":74}},"loc":{"start":{"line":240,"column":96},"end":{"line":246,"column":13}},"line":240},"10":{"name":"(anonymous_10)","decl":{"start":{"line":254,"column":57},"end":{"line":254,"column":58}},"loc":{"start":{"line":254,"column":80},"end":{"line":258,"column":13}},"line":254}},"branchMap":{"0":{"loc":{"start":{"line":26,"column":4},"end":{"line":30,"column":5}},"type":"if","locations":[{"start":{"line":26,"column":4},"end":{"line":30,"column":5}},{"start":{},"end":{}}],"line":26},"1":{"loc":{"start":{"line":82,"column":4},"end":{"line":86,"column":5}},"type":"if","locations":[{"start":{"line":82,"column":4},"end":{"line":86,"column":5}},{"start":{},"end":{}}],"line":82},"2":{"loc":{"start":{"line":88,"column":4},"end":{"line":98,"column":5}},"type":"if","locations":[{"start":{"line":88,"column":4},"end":{"line":98,"column":5}},{"start":{},"end":{}}],"line":88},"3":{"loc":{"start":{"line":94,"column":37},"end":{"line":96,"column":27}},"type":"cond-expr","locations":[{"start":{"line":95,"column":14},"end":{"line":95,"column":26}},{"start":{"line":96,"column":14},"end":{"line":96,"column":27}}],"line":94},"4":{"loc":{"start":{"line":100,"column":4},"end":{"line":104,"column":5}},"type":"if","locations":[{"start":{"line":100,"column":4},"end":{"line":104,"column":5}},{"start":{},"end":{}}],"line":100},"5":{"loc":{"start":{"line":127,"column":4},"end":{"line":143,"column":5}},"type":"if","locations":[{"start":{"line":127,"column":4},"end":{"line":143,"column":5}},{"start":{"line":139,"column":11},"end":{"line":143,"column":5}}],"line":127},"6":{"loc":{"start":{"line":129,"column":8},"end":{"line":137,"column":9}},"type":"if","locations":[{"start":{"line":129,"column":8},"end":{"line":137,"column":9}},{"start":{"line":133,"column":15},"end":{"line":137,"column":9}}],"line":129},"7":{"loc":{"start":{"line":165,"column":4},"end":{"line":209,"column":5}},"type":"if","locations":[{"start":{"line":165,"column":4},"end":{"line":209,"column":5}},{"start":{"line":201,"column":11},"end":{"line":209,"column":5}}],"line":165},"8":{"loc":{"start":{"line":167,"column":8},"end":{"line":199,"column":9}},"type":"if","locations":[{"start":{"line":167,"column":8},"end":{"line":199,"column":9}},{"start":{"line":175,"column":15},"end":{"line":199,"column":9}}],"line":167},"9":{"loc":{"start":{"line":169,"column":12},"end":{"line":173,"column":13}},"type":"if","locations":[{"start":{"line":169,"column":12},"end":{"line":173,"column":13}},{"start":{},"end":{}}],"line":169},"10":{"loc":{"start":{"line":179,"column":12},"end":{"line":187,"column":13}},"type":"if","locations":[{"start":{"line":179,"column":12},"end":{"line":187,"column":13}},{"start":{"line":183,"column":19},"end":{"line":187,"column":13}}],"line":179},"11":{"loc":{"start":{"line":189,"column":12},"end":{"line":197,"column":13}},"type":"if","locations":[{"start":{"line":189,"column":12},"end":{"line":197,"column":13}},{"start":{},"end":{}}],"line":189},"12":{"loc":{"start":{"line":203,"column":8},"end":{"line":207,"column":9}},"type":"if","locations":[{"start":{"line":203,"column":8},"end":{"line":207,"column":9}},{"start":{},"end":{}}],"line":203},"13":{"loc":{"start":{"line":235,"column":8},"end":{"line":262,"column":9}},"type":"if","locations":[{"start":{"line":235,"column":8},"end":{"line":262,"column":9}},{"start":{},"end":{}}],"line":235},"14":{"loc":{"start":{"line":248,"column":12},"end":{"line":252,"column":13}},"type":"if","locations":[{"start":{"line":248,"column":12},"end":{"line":252,"column":13}},{"start":{},"end":{}}],"line":248}},"s":{"0":18,"1":0,"2":18,"3":18,"4":18,"5":18,"6":18,"7":18,"8":34,"9":18,"10":34,"11":18,"12":24,"13":34,"14":8,"15":34,"16":15,"17":34,"18":10,"19":10,"20":10,"21":10,"22":34,"23":4,"24":24,"25":16,"26":16,"27":16,"28":14,"29":0,"30":14,"31":2,"32":24,"33":40,"34":35,"35":29,"36":24,"37":6,"38":6,"39":0,"40":6,"41":6,"42":6,"43":6,"44":6,"45":5,"46":5,"47":24,"48":36,"49":68,"50":68,"51":68,"52":68,"53":68,"54":68,"55":68,"56":12,"57":12,"58":68,"59":56,"60":68,"61":16,"62":68},"f":{"0":18,"1":34,"2":34,"3":34,"4":8,"5":16,"6":40,"7":36,"8":68,"9":12,"10":16},"b":{"0":[0,18],"1":[15,19],"2":[10,24],"3":[8,2],"4":[4,30],"5":[14,2],"6":[0,14],"7":[35,5],"8":[29,6],"9":[24,5],"10":[0,6],"11":[6,0],"12":[5,0],"13":[68,0],"14":[56,12]},"_coverageSchema":"1a1c01bbd47fc00a2c39e90264f33305004495a9","hash":"bfd342312a675c3dc8198041a4c851ede393f141"}
,"/Users/paulyap/Desktop/Desktop_important/workspace/experiment/web_html/url-assist/dist/esm/src/lib/queryString.js": {"path":"/Users/paulyap/Desktop/Desktop_important/workspace/experiment/web_html/url-assist/dist/esm/src/lib/queryString.js","statementMap":{"0":{"start":{"line":22,"column":4},"end":{"line":29,"column":5}},"1":{"start":{"line":27,"column":8},"end":{"line":27,"column":18}},"2":{"start":{"line":31,"column":27},"end":{"line":31,"column":29}},"3":{"start":{"line":32,"column":26},"end":{"line":32,"column":62}},"4":{"start":{"line":34,"column":4},"end":{"line":38,"column":7}},"5":{"start":{"line":36,"column":8},"end":{"line":36,"column":84}},"6":{"start":{"line":40,"column":4},"end":{"line":40,"column":87}},"7":{"start":{"line":60,"column":25},"end":{"line":96,"column":1}},"8":{"start":{"line":62,"column":4},"end":{"line":94,"column":5}},"9":{"start":{"line":67,"column":8},"end":{"line":88,"column":11}},"10":{"start":{"line":69,"column":27},"end":{"line":74,"column":27}},"11":{"start":{"line":76,"column":28},"end":{"line":76,"column":34}},"12":{"start":{"line":78,"column":12},"end":{"line":85,"column":13}},"13":{"start":{"line":83,"column":16},"end":{"line":83,"column":31}},"14":{"start":{"line":86,"column":12},"end":{"line":86,"column":87}},"15":{"start":{"line":92,"column":8},"end":{"line":92,"column":62}}},"fnMap":{"0":{"name":"qsStringify","decl":{"start":{"line":20,"column":9},"end":{"line":20,"column":20}},"loc":{"start":{"line":20,"column":37},"end":{"line":42,"column":1}},"line":20},"1":{"name":"(anonymous_1)","decl":{"start":{"line":34,"column":16},"end":{"line":34,"column":17}},"loc":{"start":{"line":34,"column":36},"end":{"line":38,"column":5}},"line":34},"2":{"name":"(anonymous_2)","decl":{"start":{"line":60,"column":25},"end":{"line":60,"column":26}},"loc":{"start":{"line":60,"column":72},"end":{"line":96,"column":1}},"line":60},"3":{"name":"(anonymous_3)","decl":{"start":{"line":67,"column":20},"end":{"line":67,"column":21}},"loc":{"start":{"line":67,"column":38},"end":{"line":88,"column":9}},"line":67}},"branchMap":{"0":{"loc":{"start":{"line":22,"column":4},"end":{"line":29,"column":5}},"type":"if","locations":[{"start":{"line":22,"column":4},"end":{"line":29,"column":5}},{"start":{},"end":{}}],"line":22},"1":{"loc":{"start":{"line":62,"column":4},"end":{"line":94,"column":5}},"type":"if","locations":[{"start":{"line":62,"column":4},"end":{"line":94,"column":5}},{"start":{"line":90,"column":11},"end":{"line":94,"column":5}}],"line":62},"2":{"loc":{"start":{"line":69,"column":27},"end":{"line":74,"column":27}},"type":"cond-expr","locations":[{"start":{"line":73,"column":17},"end":{"line":73,"column":35}},{"start":{"line":74,"column":17},"end":{"line":74,"column":27}}],"line":69},"3":{"loc":{"start":{"line":78,"column":12},"end":{"line":85,"column":13}},"type":"if","locations":[{"start":{"line":78,"column":12},"end":{"line":85,"column":13}},{"start":{},"end":{}}],"line":78},"4":{"loc":{"start":{"line":78,"column":16},"end":{"line":81,"column":20}},"type":"binary-expr","locations":[{"start":{"line":78,"column":16},"end":{"line":78,"column":41}},{"start":{"line":78,"column":45},"end":{"line":81,"column":20}}],"line":78}},"s":{"0":11,"1":0,"2":11,"3":11,"4":11,"5":20,"6":11,"7":24,"8":42,"9":17,"10":22,"11":22,"12":22,"13":2,"14":22,"15":25},"f":{"0":11,"1":20,"2":42,"3":22},"b":{"0":[0,11],"1":[17,25],"2":[10,12],"3":[2,20],"4":[22,2]},"_coverageSchema":"1a1c01bbd47fc00a2c39e90264f33305004495a9","hash":"30637659d3b2eed5908c7347d79d273a069f36a2"}
,"/Users/paulyap/Desktop/Desktop_important/workspace/experiment/web_html/url-assist/dist/esm/src/lib/urlComposerInit.js": {"path":"/Users/paulyap/Desktop/Desktop_important/workspace/experiment/web_html/url-assist/dist/esm/src/lib/urlComposerInit.js","statementMap":{"0":{"start":{"line":24,"column":17},"end":{"line":30,"column":5}},"1":{"start":{"line":32,"column":4},"end":{"line":42,"column":5}},"2":{"start":{"line":34,"column":8},"end":{"line":34,"column":28}},"3":{"start":{"line":35,"column":8},"end":{"line":35,"column":32}},"4":{"start":{"line":36,"column":8},"end":{"line":36,"column":24}},"5":{"start":{"line":37,"column":8},"end":{"line":37,"column":34}},"6":{"start":{"line":38,"column":8},"end":{"line":38,"column":22}},"7":{"start":{"line":40,"column":8},"end":{"line":40,"column":20}},"8":{"start":{"line":44,"column":4},"end":{"line":54,"column":5}},"9":{"start":{"line":46,"column":8},"end":{"line":46,"column":28}},"10":{"start":{"line":47,"column":8},"end":{"line":47,"column":32}},"11":{"start":{"line":48,"column":8},"end":{"line":48,"column":24}},"12":{"start":{"line":49,"column":8},"end":{"line":49,"column":34}},"13":{"start":{"line":50,"column":8},"end":{"line":50,"column":22}},"14":{"start":{"line":52,"column":8},"end":{"line":52,"column":20}},"15":{"start":{"line":56,"column":4},"end":{"line":56,"column":16}},"16":{"start":{"line":74,"column":4},"end":{"line":74,"column":58}},"17":{"start":{"line":94,"column":4},"end":{"line":94,"column":44}},"18":{"start":{"line":95,"column":4},"end":{"line":95,"column":36}},"19":{"start":{"line":96,"column":4},"end":{"line":96,"column":40}},"20":{"start":{"line":97,"column":4},"end":{"line":97,"column":33}},"21":{"start":{"line":98,"column":4},"end":{"line":98,"column":54}},"22":{"start":{"line":99,"column":4},"end":{"line":99,"column":54}},"23":{"start":{"line":100,"column":4},"end":{"line":100,"column":60}},"24":{"start":{"line":101,"column":4},"end":{"line":101,"column":54}},"25":{"start":{"line":102,"column":4},"end":{"line":102,"column":36}},"26":{"start":{"line":117,"column":0},"end":{"line":121,"column":2}},"27":{"start":{"line":119,"column":4},"end":{"line":119,"column":33}},"28":{"start":{"line":134,"column":0},"end":{"line":138,"column":2}},"29":{"start":{"line":136,"column":4},"end":{"line":136,"column":29}},"30":{"start":{"line":151,"column":0},"end":{"line":155,"column":2}},"31":{"start":{"line":153,"column":4},"end":{"line":153,"column":29}},"32":{"start":{"line":168,"column":0},"end":{"line":172,"column":2}},"33":{"start":{"line":170,"column":4},"end":{"line":170,"column":35}},"34":{"start":{"line":185,"column":0},"end":{"line":189,"column":2}},"35":{"start":{"line":187,"column":4},"end":{"line":187,"column":29}},"36":{"start":{"line":202,"column":0},"end":{"line":206,"column":2}},"37":{"start":{"line":204,"column":4},"end":{"line":204,"column":31}},"38":{"start":{"line":219,"column":0},"end":{"line":223,"column":2}},"39":{"start":{"line":221,"column":4},"end":{"line":221,"column":34}},"40":{"start":{"line":236,"column":0},"end":{"line":240,"column":2}},"41":{"start":{"line":238,"column":4},"end":{"line":238,"column":34}},"42":{"start":{"line":253,"column":0},"end":{"line":257,"column":2}},"43":{"start":{"line":255,"column":4},"end":{"line":255,"column":36}},"44":{"start":{"line":270,"column":0},"end":{"line":306,"column":2}},"45":{"start":{"line":272,"column":20},"end":{"line":272,"column":142}},"46":{"start":{"line":273,"column":22},"end":{"line":273,"column":129}},"47":{"start":{"line":274,"column":21},"end":{"line":277,"column":15}},"48":{"start":{"line":279,"column":4},"end":{"line":304,"column":7}},"49":{"start":{"line":319,"column":0},"end":{"line":340,"column":2}},"50":{"start":{"line":321,"column":20},"end":{"line":321,"column":142}},"51":{"start":{"line":322,"column":22},"end":{"line":322,"column":89}},"52":{"start":{"line":324,"column":4},"end":{"line":338,"column":7}}},"fnMap":{"0":{"name":"ifValidHost","decl":{"start":{"line":22,"column":9},"end":{"line":22,"column":20}},"loc":{"start":{"line":22,"column":62},"end":{"line":58,"column":1}},"line":22},"1":{"name":"removeSlash","decl":{"start":{"line":72,"column":9},"end":{"line":72,"column":20}},"loc":{"start":{"line":72,"column":28},"end":{"line":76,"column":1}},"line":72},"2":{"name":"UrlComposerInit","decl":{"start":{"line":92,"column":9},"end":{"line":92,"column":24}},"loc":{"start":{"line":92,"column":34},"end":{"line":104,"column":1}},"line":92},"3":{"name":"(anonymous_3)","decl":{"start":{"line":117,"column":40},"end":{"line":117,"column":41}},"loc":{"start":{"line":117,"column":56},"end":{"line":121,"column":1}},"line":117},"4":{"name":"(anonymous_4)","decl":{"start":{"line":134,"column":36},"end":{"line":134,"column":37}},"loc":{"start":{"line":134,"column":52},"end":{"line":138,"column":1}},"line":134},"5":{"name":"(anonymous_5)","decl":{"start":{"line":151,"column":36},"end":{"line":151,"column":37}},"loc":{"start":{"line":151,"column":52},"end":{"line":155,"column":1}},"line":151},"6":{"name":"(anonymous_6)","decl":{"start":{"line":168,"column":42},"end":{"line":168,"column":43}},"loc":{"start":{"line":168,"column":58},"end":{"line":172,"column":1}},"line":168},"7":{"name":"(anonymous_7)","decl":{"start":{"line":185,"column":36},"end":{"line":185,"column":37}},"loc":{"start":{"line":185,"column":52},"end":{"line":189,"column":1}},"line":185},"8":{"name":"(anonymous_8)","decl":{"start":{"line":202,"column":38},"end":{"line":202,"column":39}},"loc":{"start":{"line":202,"column":54},"end":{"line":206,"column":1}},"line":202},"9":{"name":"(anonymous_9)","decl":{"start":{"line":219,"column":41},"end":{"line":219,"column":42}},"loc":{"start":{"line":219,"column":57},"end":{"line":223,"column":1}},"line":219},"10":{"name":"(anonymous_10)","decl":{"start":{"line":236,"column":41},"end":{"line":236,"column":42}},"loc":{"start":{"line":236,"column":57},"end":{"line":240,"column":1}},"line":236},"11":{"name":"(anonymous_11)","decl":{"start":{"line":253,"column":43},"end":{"line":253,"column":44}},"loc":{"start":{"line":253,"column":59},"end":{"line":257,"column":1}},"line":253},"12":{"name":"(anonymous_12)","decl":{"start":{"line":270,"column":40},"end":{"line":270,"column":41}},"loc":{"start":{"line":270,"column":52},"end":{"line":306,"column":1}},"line":270},"13":{"name":"(anonymous_13)","decl":{"start":{"line":319,"column":44},"end":{"line":319,"column":45}},"loc":{"start":{"line":319,"column":56},"end":{"line":340,"column":1}},"line":319}},"branchMap":{"0":{"loc":{"start":{"line":32,"column":4},"end":{"line":42,"column":5}},"type":"if","locations":[{"start":{"line":32,"column":4},"end":{"line":42,"column":5}},{"start":{},"end":{}}],"line":32},"1":{"loc":{"start":{"line":32,"column":8},"end":{"line":32,"column":46}},"type":"binary-expr","locations":[{"start":{"line":32,"column":8},"end":{"line":32,"column":26}},{"start":{"line":32,"column":30},"end":{"line":32,"column":46}}],"line":32},"2":{"loc":{"start":{"line":44,"column":4},"end":{"line":54,"column":5}},"type":"if","locations":[{"start":{"line":44,"column":4},"end":{"line":54,"column":5}},{"start":{},"end":{}}],"line":44},"3":{"loc":{"start":{"line":44,"column":8},"end":{"line":44,"column":41}},"type":"binary-expr","locations":[{"start":{"line":44,"column":8},"end":{"line":44,"column":21}},{"start":{"line":44,"column":25},"end":{"line":44,"column":41}}],"line":44},"4":{"loc":{"start":{"line":281,"column":16},"end":{"line":283,"column":35}},"type":"cond-expr","locations":[{"start":{"line":282,"column":14},"end":{"line":282,"column":16}},{"start":{"line":283,"column":14},"end":{"line":283,"column":35}}],"line":281},"5":{"loc":{"start":{"line":284,"column":16},"end":{"line":288,"column":37}},"type":"cond-expr","locations":[{"start":{"line":285,"column":14},"end":{"line":285,"column":16}},{"start":{"line":286,"column":14},"end":{"line":288,"column":37}}],"line":284},"6":{"loc":{"start":{"line":289,"column":16},"end":{"line":291,"column":30}},"type":"cond-expr","locations":[{"start":{"line":290,"column":14},"end":{"line":290,"column":16}},{"start":{"line":291,"column":14},"end":{"line":291,"column":30}}],"line":289},"7":{"loc":{"start":{"line":292,"column":20},"end":{"line":294,"column":36}},"type":"cond-expr","locations":[{"start":{"line":293,"column":14},"end":{"line":293,"column":16}},{"start":{"line":294,"column":14},"end":{"line":294,"column":36}}],"line":292},"8":{"loc":{"start":{"line":295,"column":23},"end":{"line":297,"column":55}},"type":"cond-expr","locations":[{"start":{"line":296,"column":14},"end":{"line":296,"column":16}},{"start":{"line":297,"column":14},"end":{"line":297,"column":55}}],"line":295},"9":{"loc":{"start":{"line":298,"column":21},"end":{"line":300,"column":39}},"type":"cond-expr","locations":[{"start":{"line":299,"column":14},"end":{"line":299,"column":16}},{"start":{"line":300,"column":13},"end":{"line":300,"column":39}}],"line":298},"10":{"loc":{"start":{"line":301,"column":15},"end":{"line":303,"column":29}},"type":"cond-expr","locations":[{"start":{"line":302,"column":14},"end":{"line":302,"column":16}},{"start":{"line":303,"column":14},"end":{"line":303,"column":29}}],"line":301},"11":{"loc":{"start":{"line":326,"column":16},"end":{"line":328,"column":30}},"type":"cond-expr","locations":[{"start":{"line":327,"column":14},"end":{"line":327,"column":16}},{"start":{"line":328,"column":14},"end":{"line":328,"column":30}}],"line":326},"12":{"loc":{"start":{"line":329,"column":20},"end":{"line":331,"column":36}},"type":"cond-expr","locations":[{"start":{"line":330,"column":14},"end":{"line":330,"column":16}},{"start":{"line":331,"column":14},"end":{"line":331,"column":36}}],"line":329},"13":{"loc":{"start":{"line":332,"column":21},"end":{"line":334,"column":39}},"type":"cond-expr","locations":[{"start":{"line":333,"column":14},"end":{"line":333,"column":16}},{"start":{"line":334,"column":13},"end":{"line":334,"column":39}}],"line":332},"14":{"loc":{"start":{"line":335,"column":15},"end":{"line":337,"column":29}},"type":"cond-expr","locations":[{"start":{"line":336,"column":14},"end":{"line":336,"column":16}},{"start":{"line":337,"column":14},"end":{"line":337,"column":29}}],"line":335}},"s":{"0":13,"1":13,"2":11,"3":11,"4":11,"5":11,"6":11,"7":11,"8":2,"9":0,"10":0,"11":0,"12":0,"13":0,"14":0,"15":2,"16":13,"17":5,"18":5,"19":5,"20":5,"21":5,"22":5,"23":5,"24":5,"25":5,"26":24,"27":2,"28":24,"29":0,"30":24,"31":0,"32":24,"33":2,"34":24,"35":4,"36":24,"37":4,"38":24,"39":0,"40":24,"41":2,"42":24,"43":0,"44":24,"45":13,"46":13,"47":13,"48":13,"49":24,"50":0,"51":0,"52":0},"f":{"0":13,"1":13,"2":5,"3":2,"4":0,"5":0,"6":2,"7":4,"8":4,"9":0,"10":2,"11":0,"12":13,"13":0},"b":{"0":[11,2],"1":[13,11],"2":[0,2],"3":[2,0],"4":[13,0],"5":[0,13],"6":[13,0],"7":[2,11],"8":[13,0],"9":[2,11],"10":[2,11],"11":[0,0],"12":[0,0],"13":[0,0],"14":[0,0]},"_coverageSchema":"1a1c01bbd47fc00a2c39e90264f33305004495a9","hash":"9d08781f567d8c23cc13560f8a128690450ad38f"}
,"/Users/paulyap/Desktop/Desktop_important/workspace/experiment/web_html/url-assist/dist/esm/src/lib/variable.js": {"path":"/Users/paulyap/Desktop/Desktop_important/workspace/experiment/web_html/url-assist/dist/esm/src/lib/variable.js","statementMap":{"0":{"start":{"line":1,"column":13},"end":{"line":1,"column":14}},"1":{"start":{"line":2,"column":11},"end":{"line":2,"column":12}},"2":{"start":{"line":3,"column":11},"end":{"line":3,"column":12}},"3":{"start":{"line":4,"column":14},"end":{"line":4,"column":15}}},"fnMap":{},"branchMap":{},"s":{"0":24,"1":24,"2":24,"3":24},"f":{},"b":{},"_coverageSchema":"1a1c01bbd47fc00a2c39e90264f33305004495a9","hash":"72b6019235b87d69cab3fdbf6dad39720c5bbbbc"}
}
